[[1;34mINFO[m] Scanning for projects...
[[1;34mINFO[m] 
[[1;34mINFO[m] [1m----------------------< [0;36mcom.fintech:api-gateway[0;1m >-----------------------[m
[[1;34mINFO[m] [1mBuilding api-gateway 1.0.0[m
[[1;34mINFO[m] [1m--------------------------------[ jar ]---------------------------------[m
[[1;34mINFO[m] 
[[1;34mINFO[m] [1m>>> [0;32mspring-boot-maven-plugin:2.6.7:run[m [1m(default-cli)[0;1m > [0;1mtest-compile[m @ [36mapi-gateway[0;1m >>>[m
[[1;34mINFO[m] 
[[1;34mINFO[m] [1m--- [0;32mmaven-resources-plugin:3.2.0:resources[m [1m(default-resources)[m @ [36mapi-gateway[0;1m ---[m
[[1;34mINFO[m] Using 'UTF-8' encoding to copy filtered resources.
[[1;34mINFO[m] Using 'UTF-8' encoding to copy filtered properties files.
[[1;34mINFO[m] Copying 1 resource
[[1;34mINFO[m] Copying 19 resources
[[1;34mINFO[m] 
[[1;34mINFO[m] [1m--- [0;32mmaven-compiler-plugin:3.8.1:compile[m [1m(default-compile)[m @ [36mapi-gateway[0;1m ---[m
[[1;34mINFO[m] Changes detected - recompiling the module!
[[1;34mINFO[m] Compiling 5 source files to /mnt/c/Users/36202/OneDrive/Desktop/PayNext/backend/api-gateway/target/classes
[[1;34mINFO[m] 
[[1;34mINFO[m] [1m--- [0;32mmaven-resources-plugin:3.2.0:testResources[m [1m(default-testResources)[m @ [36mapi-gateway[0;1m ---[m
[[1;34mINFO[m] Using 'UTF-8' encoding to copy filtered resources.
[[1;34mINFO[m] Using 'UTF-8' encoding to copy filtered properties files.
[[1;34mINFO[m] skip non existing resourceDirectory /mnt/c/Users/36202/OneDrive/Desktop/PayNext/backend/api-gateway/src/test/resources
[[1;34mINFO[m] 
[[1;34mINFO[m] [1m--- [0;32mmaven-compiler-plugin:3.8.1:testCompile[m [1m(default-testCompile)[m @ [36mapi-gateway[0;1m ---[m
[[1;34mINFO[m] No sources to compile
[[1;34mINFO[m] 
[[1;34mINFO[m] [1m<<< [0;32mspring-boot-maven-plugin:2.6.7:run[m [1m(default-cli)[0;1m < [0;1mtest-compile[m @ [36mapi-gateway[0;1m <<<[m
[[1;34mINFO[m] 
[[1;34mINFO[m] 
[[1;34mINFO[m] [1m--- [0;32mspring-boot-maven-plugin:2.6.7:run[m [1m(default-cli)[m @ [36mapi-gateway[0;1m ---[m
[[1;34mINFO[m] Attaching agents: []

  .   ____          _            __ _ _
 /\\ / ___'_ __ _ _(_)_ __  __ _ \ \ \ \
( ( )\___ | '_ | '_| | '_ \/ _` | \ \ \ \
 \\/  ___)| |_)| | | | | || (_| |  ) ) ) )
  '  |____| .__|_| |_|_| |_\__, | / / / /
 =========|_|==============|___/=/_/_/_/
 :: Spring Boot ::                (v2.6.7)

2024-11-14 13:08:11.241  INFO 3266 --- [           main] c.f.apigateway.ApiGatewayApplication     : Starting ApiGatewayApplication using Java 21.0.5 on RW50 with PID 3266 (/mnt/c/Users/36202/OneDrive/Desktop/PayNext/backend/api-gateway/target/classes started by abrarahmed in /mnt/c/Users/36202/OneDrive/Desktop/PayNext/backend/api-gateway)
2024-11-14 13:08:11.253  INFO 3266 --- [           main] c.f.apigateway.ApiGatewayApplication     : No active profile set, falling back to 1 default profile: "default"
2024-11-14 13:08:17.121  INFO 3266 --- [           main] .s.d.r.c.RepositoryConfigurationDelegate : Bootstrapping Spring Data JPA repositories in DEFAULT mode.
2024-11-14 13:08:17.374  INFO 3266 --- [           main] .s.d.r.c.RepositoryConfigurationDelegate : Finished Spring Data repository scanning in 176 ms. Found 0 JPA repository interfaces.
2024-11-14 13:08:19.540  INFO 3266 --- [           main] o.s.cloud.context.scope.GenericScope     : BeanFactory id=3003cb8f-8f8f-3ee0-b982-617904569594
2024-11-14 13:08:21.800  INFO 3266 --- [           main] trationDelegate$BeanPostProcessorChecker : Bean 'org.springframework.security.config.annotation.method.configuration.ReactiveMethodSecurityConfiguration' of type [org.springframework.security.config.annotation.method.configuration.ReactiveMethodSecurityConfiguration] is not eligible for getting processed by all BeanPostProcessors (for example: not eligible for auto-proxying)
2024-11-14 13:08:21.924  INFO 3266 --- [           main] trationDelegate$BeanPostProcessorChecker : Bean 'org.springframework.cloud.client.loadbalancer.reactive.LoadBalancerBeanPostProcessorAutoConfiguration' of type [org.springframework.cloud.client.loadbalancer.reactive.LoadBalancerBeanPostProcessorAutoConfiguration] is not eligible for getting processed by all BeanPostProcessors (for example: not eligible for auto-proxying)
2024-11-14 13:08:21.926  INFO 3266 --- [           main] trationDelegate$BeanPostProcessorChecker : Bean 'org.springframework.cloud.client.loadbalancer.reactive.LoadBalancerBeanPostProcessorAutoConfiguration$ReactorDeferringLoadBalancerFilterConfig' of type [org.springframework.cloud.client.loadbalancer.reactive.LoadBalancerBeanPostProcessorAutoConfiguration$ReactorDeferringLoadBalancerFilterConfig] is not eligible for getting processed by all BeanPostProcessors (for example: not eligible for auto-proxying)
2024-11-14 13:08:21.935  INFO 3266 --- [           main] trationDelegate$BeanPostProcessorChecker : Bean 'reactorDeferringLoadBalancerExchangeFilterFunction' of type [org.springframework.cloud.client.loadbalancer.reactive.DeferringLoadBalancerExchangeFilterFunction] is not eligible for getting processed by all BeanPostProcessors (for example: not eligible for auto-proxying)
2024-11-14 13:08:22.933  INFO 3266 --- [           main] o.s.b.w.embedded.tomcat.TomcatWebServer  : Tomcat initialized with port(s): 8002 (http)
2024-11-14 13:08:22.980  INFO 3266 --- [           main] o.apache.catalina.core.StandardService   : Starting service [Tomcat]
2024-11-14 13:08:22.981  INFO 3266 --- [           main] org.apache.catalina.core.StandardEngine  : Starting Servlet engine: [Apache Tomcat/9.0.62]
2024-11-14 13:08:23.906  INFO 3266 --- [           main] com.zaxxer.hikari.HikariDataSource       : HikariPool-1 - Starting...
2024-11-14 13:08:25.097  INFO 3266 --- [           main] com.zaxxer.hikari.HikariDataSource       : HikariPool-1 - Start completed.
2024-11-14 13:08:25.398  INFO 3266 --- [           main] o.hibernate.jpa.internal.util.LogHelper  : HHH000204: Processing PersistenceUnitInfo [name: default]
2024-11-14 13:08:25.828  INFO 3266 --- [           main] org.hibernate.Version                    : HHH000412: Hibernate ORM core version 5.6.8.Final
2024-11-14 13:08:26.993  INFO 3266 --- [           main] o.hibernate.annotations.common.Version   : HCANN000001: Hibernate Commons Annotations {5.1.2.Final}
2024-11-14 13:08:28.157  INFO 3266 --- [           main] org.hibernate.dialect.Dialect            : HHH000400: Using dialect: org.hibernate.dialect.H2Dialect
2024-11-14 13:08:29.867  INFO 3266 --- [           main] o.h.e.t.j.p.i.JtaPlatformInitiator       : HHH000490: Using JtaPlatform implementation: [org.hibernate.engine.transaction.jta.platform.internal.NoJtaPlatform]
2024-11-14 13:08:29.941  INFO 3266 --- [           main] j.LocalContainerEntityManagerFactoryBean : Initialized JPA EntityManagerFactory for persistence unit 'default'
2024-11-14 13:08:30.110  INFO 3266 --- [           main] ctiveUserDetailsServiceAutoConfiguration : 

Using generated security password: 39489820-d276-4749-8b8a-cab932ead5fb

2024-11-14 13:08:33.129  INFO 3266 --- [           main] o.s.c.g.r.RouteDefinitionRouteLocator    : Loaded RoutePredicateFactory [After]
2024-11-14 13:08:33.130  INFO 3266 --- [           main] o.s.c.g.r.RouteDefinitionRouteLocator    : Loaded RoutePredicateFactory [Before]
2024-11-14 13:08:33.131  INFO 3266 --- [           main] o.s.c.g.r.RouteDefinitionRouteLocator    : Loaded RoutePredicateFactory [Between]
2024-11-14 13:08:33.131  INFO 3266 --- [           main] o.s.c.g.r.RouteDefinitionRouteLocator    : Loaded RoutePredicateFactory [Cookie]
2024-11-14 13:08:33.131  INFO 3266 --- [           main] o.s.c.g.r.RouteDefinitionRouteLocator    : Loaded RoutePredicateFactory [Header]
2024-11-14 13:08:33.132  INFO 3266 --- [           main] o.s.c.g.r.RouteDefinitionRouteLocator    : Loaded RoutePredicateFactory [Host]
2024-11-14 13:08:33.132  INFO 3266 --- [           main] o.s.c.g.r.RouteDefinitionRouteLocator    : Loaded RoutePredicateFactory [Method]
2024-11-14 13:08:33.132  INFO 3266 --- [           main] o.s.c.g.r.RouteDefinitionRouteLocator    : Loaded RoutePredicateFactory [Path]
2024-11-14 13:08:33.133  INFO 3266 --- [           main] o.s.c.g.r.RouteDefinitionRouteLocator    : Loaded RoutePredicateFactory [Query]
2024-11-14 13:08:33.133  INFO 3266 --- [           main] o.s.c.g.r.RouteDefinitionRouteLocator    : Loaded RoutePredicateFactory [ReadBody]
2024-11-14 13:08:33.133  INFO 3266 --- [           main] o.s.c.g.r.RouteDefinitionRouteLocator    : Loaded RoutePredicateFactory [RemoteAddr]
2024-11-14 13:08:33.134  INFO 3266 --- [           main] o.s.c.g.r.RouteDefinitionRouteLocator    : Loaded RoutePredicateFactory [XForwardedRemoteAddr]
2024-11-14 13:08:33.135  INFO 3266 --- [           main] o.s.c.g.r.RouteDefinitionRouteLocator    : Loaded RoutePredicateFactory [Weight]
2024-11-14 13:08:33.135  INFO 3266 --- [           main] o.s.c.g.r.RouteDefinitionRouteLocator    : Loaded RoutePredicateFactory [CloudFoundryRouteService]
2024-11-14 13:08:34.533  INFO 3266 --- [           main] o.s.b.a.e.web.EndpointLinksResolver      : Exposing 1 endpoint(s) beneath base path '/actuator'
2024-11-14 13:08:35.787  INFO 3266 --- [           main] DiscoveryClientOptionalArgsConfiguration : Eureka HTTP Client uses RestTemplate.
2024-11-14 13:08:36.178  WARN 3266 --- [           main] iguration$LoadBalancerCaffeineWarnLogger : Spring Cloud LoadBalancer is currently working with the default cache. While this cache implementation is useful for development and tests, it's recommended to use Caffeine cache in production.You can switch to using Caffeine cache, by adding it and org.springframework.cache.caffeine.CaffeineCacheManager to the classpath.
2024-11-14 13:08:36.265  INFO 3266 --- [           main] o.s.c.n.eureka.InstanceInfoFactory       : Setting initial instance status as: STARTING
2024-11-14 13:08:36.711  INFO 3266 --- [           main] com.netflix.discovery.DiscoveryClient    : Initializing Eureka in region us-east-1
2024-11-14 13:08:36.803  INFO 3266 --- [           main] c.n.d.s.r.aws.ConfigClusterResolver      : Resolving eureka endpoints via configuration
2024-11-14 13:08:37.017  INFO 3266 --- [           main] com.netflix.discovery.DiscoveryClient    : Disable delta property : false
2024-11-14 13:08:37.019  INFO 3266 --- [           main] com.netflix.discovery.DiscoveryClient    : Single vip registry refresh property : null
2024-11-14 13:08:37.020  INFO 3266 --- [           main] com.netflix.discovery.DiscoveryClient    : Force full registry fetch : false
2024-11-14 13:08:37.020  INFO 3266 --- [           main] com.netflix.discovery.DiscoveryClient    : Application is null : false
2024-11-14 13:08:37.021  INFO 3266 --- [           main] com.netflix.discovery.DiscoveryClient    : Registered Applications size is zero : true
2024-11-14 13:08:37.021  INFO 3266 --- [           main] com.netflix.discovery.DiscoveryClient    : Application version is -1: true
2024-11-14 13:08:37.022  INFO 3266 --- [           main] com.netflix.discovery.DiscoveryClient    : Getting all instance registry info from the eureka server
2024-11-14 13:08:39.466  INFO 3266 --- [           main] com.netflix.discovery.DiscoveryClient    : The response status is 200
2024-11-14 13:08:39.477  INFO 3266 --- [           main] com.netflix.discovery.DiscoveryClient    : Starting heartbeat executor: renew interval is: 30
2024-11-14 13:08:39.493  INFO 3266 --- [           main] c.n.discovery.InstanceInfoReplicator     : InstanceInfoReplicator onDemand update allowed rate per min is 4
2024-11-14 13:08:39.517  INFO 3266 --- [           main] com.netflix.discovery.DiscoveryClient    : Discovery Client initialized at timestamp 1731586119516 with initial instances count: 0
2024-11-14 13:08:39.523  INFO 3266 --- [           main] o.s.c.n.e.s.EurekaServiceRegistry        : Registering application API-GATEWAY with eureka with status UP
2024-11-14 13:08:39.528  INFO 3266 --- [           main] com.netflix.discovery.DiscoveryClient    : Saw local status change event StatusChangeEvent [timestamp=1731586119528, current=UP, previous=STARTING]
2024-11-14 13:08:39.544  INFO 3266 --- [nfoReplicator-0] com.netflix.discovery.DiscoveryClient    : DiscoveryClient_API-GATEWAY/10.255.255.254:api-gateway:8002: registering service...
2024-11-14 13:08:39.717  INFO 3266 --- [           main] o.s.b.w.embedded.tomcat.TomcatWebServer  : Tomcat started on port(s): 8002 (http) with context path ''
2024-11-14 13:08:39.719  INFO 3266 --- [           main] .s.c.n.e.s.EurekaAutoServiceRegistration : Updating port to 8002
2024-11-14 13:08:39.799  INFO 3266 --- [           main] c.f.apigateway.ApiGatewayApplication     : Started ApiGatewayApplication in 29.805 seconds (JVM running for 30.637)
2024-11-14 13:08:40.436  INFO 3266 --- [nfoReplicator-0] com.netflix.discovery.DiscoveryClient    : DiscoveryClient_API-GATEWAY/10.255.255.254:api-gateway:8002 - registration status: 204
2024-11-14 13:09:10.088  INFO 3266 --- [freshExecutor-0] com.netflix.discovery.DiscoveryClient    : Disable delta property : false
2024-11-14 13:09:10.089  INFO 3266 --- [freshExecutor-0] com.netflix.discovery.DiscoveryClient    : Single vip registry refresh property : null
2024-11-14 13:09:10.090  INFO 3266 --- [freshExecutor-0] com.netflix.discovery.DiscoveryClient    : Force full registry fetch : false
2024-11-14 13:09:10.090  INFO 3266 --- [freshExecutor-0] com.netflix.discovery.DiscoveryClient    : Application is null : false
2024-11-14 13:09:10.091  INFO 3266 --- [freshExecutor-0] com.netflix.discovery.DiscoveryClient    : Registered Applications size is zero : true
2024-11-14 13:09:10.092  INFO 3266 --- [freshExecutor-0] com.netflix.discovery.DiscoveryClient    : Application version is -1: false
2024-11-14 13:09:10.092  INFO 3266 --- [freshExecutor-0] com.netflix.discovery.DiscoveryClient    : Getting all instance registry info from the eureka server
2024-11-14 13:09:10.160  INFO 3266 --- [freshExecutor-0] com.netflix.discovery.DiscoveryClient    : The response status is 200
2024-11-14 13:13:42.174  INFO 3266 --- [trap-executor-0] c.n.d.s.r.aws.ConfigClusterResolver      : Resolving eureka endpoints via configuration
2024-11-14 13:18:45.554  INFO 3266 --- [trap-executor-0] c.n.d.s.r.aws.ConfigClusterResolver      : Resolving eureka endpoints via configuration
2024-11-14 13:23:51.409  INFO 3266 --- [trap-executor-0] c.n.d.s.r.aws.ConfigClusterResolver      : Resolving eureka endpoints via configuration
2024-11-14 13:28:55.589  INFO 3266 --- [trap-executor-0] c.n.d.s.r.aws.ConfigClusterResolver      : Resolving eureka endpoints via configuration
2024-11-14 13:34:00.912  INFO 3266 --- [trap-executor-0] c.n.d.s.r.aws.ConfigClusterResolver      : Resolving eureka endpoints via configuration
2024-11-14 13:39:07.614  INFO 3266 --- [trap-executor-0] c.n.d.s.r.aws.ConfigClusterResolver      : Resolving eureka endpoints via configuration
2024-11-14 13:44:14.485  INFO 3266 --- [trap-executor-0] c.n.d.s.r.aws.ConfigClusterResolver      : Resolving eureka endpoints via configuration
2024-11-14 13:49:20.983  INFO 3266 --- [trap-executor-0] c.n.d.s.r.aws.ConfigClusterResolver      : Resolving eureka endpoints via configuration
2024-11-14 13:54:28.312  INFO 3266 --- [trap-executor-0] c.n.d.s.r.aws.ConfigClusterResolver      : Resolving eureka endpoints via configuration
2024-11-14 13:59:34.861  INFO 3266 --- [trap-executor-0] c.n.d.s.r.aws.ConfigClusterResolver      : Resolving eureka endpoints via configuration
2024-11-14 14:04:41.448  INFO 3266 --- [trap-executor-0] c.n.d.s.r.aws.ConfigClusterResolver      : Resolving eureka endpoints via configuration
2024-11-14 14:09:48.370  INFO 3266 --- [trap-executor-0] c.n.d.s.r.aws.ConfigClusterResolver      : Resolving eureka endpoints via configuration
2024-11-14 14:14:55.088  INFO 3266 --- [trap-executor-0] c.n.d.s.r.aws.ConfigClusterResolver      : Resolving eureka endpoints via configuration
2024-11-14 14:20:00.861  INFO 3266 --- [trap-executor-0] c.n.d.s.r.aws.ConfigClusterResolver      : Resolving eureka endpoints via configuration
2024-11-14 14:25:06.555  INFO 3266 --- [trap-executor-0] c.n.d.s.r.aws.ConfigClusterResolver      : Resolving eureka endpoints via configuration
