[[1;34mINFO[m] Scanning for projects...
[[1;34mINFO[m] 
[[1;34mINFO[m] [1m---------------------< [0;36mcom.fintech:eureka-server[0;1m >----------------------[m
[[1;34mINFO[m] [1mBuilding eureka-server 1.0.0[m
[[1;34mINFO[m] [1m--------------------------------[ jar ]---------------------------------[m
[[1;34mINFO[m] 
[[1;34mINFO[m] [1m>>> [0;32mspring-boot-maven-plugin:2.6.7:run[m [1m(default-cli)[0;1m > [0;1mtest-compile[m @ [36meureka-server[0;1m >>>[m
[[1;34mINFO[m] 
[[1;34mINFO[m] [1m--- [0;32mmaven-resources-plugin:3.2.0:resources[m [1m(default-resources)[m @ [36meureka-server[0;1m ---[m
[[1;34mINFO[m] Using 'UTF-8' encoding to copy filtered resources.
[[1;34mINFO[m] Using 'UTF-8' encoding to copy filtered properties files.
[[1;34mINFO[m] Copying 1 resource
[[1;34mINFO[m] Copying 0 resource
[[1;34mINFO[m] 
[[1;34mINFO[m] [1m--- [0;32mmaven-compiler-plugin:3.8.1:compile[m [1m(default-compile)[m @ [36meureka-server[0;1m ---[m
[[1;34mINFO[m] Changes detected - recompiling the module!
[[1;34mINFO[m] Compiling 1 source file to /mnt/c/Users/36202/OneDrive/Desktop/PayNext/backend/eureka-server/target/classes
[[1;34mINFO[m] 
[[1;34mINFO[m] [1m--- [0;32mmaven-resources-plugin:3.2.0:testResources[m [1m(default-testResources)[m @ [36meureka-server[0;1m ---[m
[[1;34mINFO[m] Using 'UTF-8' encoding to copy filtered resources.
[[1;34mINFO[m] Using 'UTF-8' encoding to copy filtered properties files.
[[1;34mINFO[m] skip non existing resourceDirectory /mnt/c/Users/36202/OneDrive/Desktop/PayNext/backend/eureka-server/src/test/resources
[[1;34mINFO[m] 
[[1;34mINFO[m] [1m--- [0;32mmaven-compiler-plugin:3.8.1:testCompile[m [1m(default-testCompile)[m @ [36meureka-server[0;1m ---[m
[[1;34mINFO[m] No sources to compile
[[1;34mINFO[m] 
[[1;34mINFO[m] [1m<<< [0;32mspring-boot-maven-plugin:2.6.7:run[m [1m(default-cli)[0;1m < [0;1mtest-compile[m @ [36meureka-server[0;1m <<<[m
[[1;34mINFO[m] 
[[1;34mINFO[m] 
[[1;34mINFO[m] [1m--- [0;32mspring-boot-maven-plugin:2.6.7:run[m [1m(default-cli)[m @ [36meureka-server[0;1m ---[m
[[1;34mINFO[m] Attaching agents: []

  .   ____          _            __ _ _
 /\\ / ___'_ __ _ _(_)_ __  __ _ \ \ \ \
( ( )\___ | '_ | '_| | '_ \/ _` | \ \ \ \
 \\/  ___)| |_)| | | | | || (_| |  ) ) ) )
  '  |____| .__|_| |_|_| |_\__, | / / / /
 =========|_|==============|___/=/_/_/_/
 :: Spring Boot ::                (v2.6.7)

2024-11-28 21:25:20.407  INFO 217578 --- [           main] c.f.e.EurekaServerApplication            : Starting EurekaServerApplication using Java 21.0.5 on RW50 with PID 217578 (/mnt/c/Users/36202/OneDrive/Desktop/PayNext/backend/eureka-server/target/classes started by abrarahmed in /mnt/c/Users/36202/OneDrive/Desktop/PayNext/backend/eureka-server)
2024-11-28 21:25:20.412  INFO 217578 --- [           main] c.f.e.EurekaServerApplication            : No active profile set, falling back to 1 default profile: "default"
2024-11-28 21:25:23.050  INFO 217578 --- [           main] .s.d.r.c.RepositoryConfigurationDelegate : Bootstrapping Spring Data JPA repositories in DEFAULT mode.
2024-11-28 21:25:23.136  INFO 217578 --- [           main] .s.d.r.c.RepositoryConfigurationDelegate : Finished Spring Data repository scanning in 42 ms. Found 0 JPA repository interfaces.
2024-11-28 21:25:23.987  INFO 217578 --- [           main] o.s.cloud.context.scope.GenericScope     : BeanFactory id=583bab16-cbcb-3490-95e2-136c3a681ec5
2024-11-28 21:25:25.545  INFO 217578 --- [           main] o.s.b.w.embedded.tomcat.TomcatWebServer  : Tomcat initialized with port(s): 8001 (http)
2024-11-28 21:25:25.578  INFO 217578 --- [           main] o.apache.catalina.core.StandardService   : Starting service [Tomcat]
2024-11-28 21:25:25.579  INFO 217578 --- [           main] org.apache.catalina.core.StandardEngine  : Starting Servlet engine: [Apache Tomcat/9.0.62]
2024-11-28 21:25:25.840  INFO 217578 --- [           main] o.a.c.c.C.[Tomcat].[localhost].[/]       : Initializing Spring embedded WebApplicationContext
2024-11-28 21:25:25.840  INFO 217578 --- [           main] w.s.c.ServletWebServerApplicationContext : Root WebApplicationContext: initialization completed in 5325 ms
2024-11-28 21:25:26.867  INFO 217578 --- [           main] c.s.j.s.i.a.WebApplicationImpl           : Initiating Jersey application, version 'Jersey: 1.19.4 05/24/2017 03:20 PM'
2024-11-28 21:25:27.183  INFO 217578 --- [           main] c.n.d.provider.DiscoveryJerseyProvider   : Using JSON encoding codec LegacyJacksonJson
2024-11-28 21:25:27.186  INFO 217578 --- [           main] c.n.d.provider.DiscoveryJerseyProvider   : Using JSON decoding codec LegacyJacksonJson
2024-11-28 21:25:27.710  INFO 217578 --- [           main] c.n.d.provider.DiscoveryJerseyProvider   : Using XML encoding codec XStreamXml
2024-11-28 21:25:27.710  INFO 217578 --- [           main] c.n.d.provider.DiscoveryJerseyProvider   : Using XML decoding codec XStreamXml
2024-11-28 21:25:29.137  INFO 217578 --- [           main] com.zaxxer.hikari.HikariDataSource       : HikariPool-1 - Starting...
2024-11-28 21:25:29.715  INFO 217578 --- [           main] com.zaxxer.hikari.HikariDataSource       : HikariPool-1 - Start completed.
2024-11-28 21:25:29.853  INFO 217578 --- [           main] o.hibernate.jpa.internal.util.LogHelper  : HHH000204: Processing PersistenceUnitInfo [name: default]
2024-11-28 21:25:30.155  INFO 217578 --- [           main] org.hibernate.Version                    : HHH000412: Hibernate ORM core version 5.6.8.Final
2024-11-28 21:25:30.883  INFO 217578 --- [           main] o.hibernate.annotations.common.Version   : HCANN000001: Hibernate Commons Annotations {5.1.2.Final}
2024-11-28 21:25:31.443  INFO 217578 --- [           main] org.hibernate.dialect.Dialect            : HHH000400: Using dialect: org.hibernate.dialect.H2Dialect
2024-11-28 21:25:32.273  INFO 217578 --- [           main] o.h.e.t.j.p.i.JtaPlatformInitiator       : HHH000490: Using JtaPlatform implementation: [org.hibernate.engine.transaction.jta.platform.internal.NoJtaPlatform]
2024-11-28 21:25:32.313  INFO 217578 --- [           main] j.LocalContainerEntityManagerFactoryBean : Initialized JPA EntityManagerFactory for persistence unit 'default'
2024-11-28 21:25:32.423  WARN 217578 --- [           main] JpaBaseConfiguration$JpaWebConfiguration : spring.jpa.open-in-view is enabled by default. Therefore, database queries may be performed during view rendering. Explicitly configure spring.jpa.open-in-view to disable this warning
2024-11-28 21:25:34.052  INFO 217578 --- [           main] DiscoveryClientOptionalArgsConfiguration : Eureka HTTP Client uses Jersey
2024-11-28 21:25:34.250  WARN 217578 --- [           main] iguration$LoadBalancerCaffeineWarnLogger : Spring Cloud LoadBalancer is currently working with the default cache. While this cache implementation is useful for development and tests, it's recommended to use Caffeine cache in production.You can switch to using Caffeine cache, by adding it and org.springframework.cache.caffeine.CaffeineCacheManager to the classpath.
2024-11-28 21:25:34.333  INFO 217578 --- [           main] o.s.c.n.eureka.InstanceInfoFactory       : Setting initial instance status as: STARTING
2024-11-28 21:25:34.503  INFO 217578 --- [           main] com.netflix.discovery.DiscoveryClient    : Initializing Eureka in region us-east-1
2024-11-28 21:25:34.503  INFO 217578 --- [           main] com.netflix.discovery.DiscoveryClient    : Client configured to neither register nor query for data.
2024-11-28 21:25:34.550  INFO 217578 --- [           main] com.netflix.discovery.DiscoveryClient    : Discovery Client initialized at timestamp 1732825534548 with initial instances count: 0
2024-11-28 21:25:34.703  INFO 217578 --- [           main] c.n.eureka.DefaultEurekaServerContext    : Initializing ...
2024-11-28 21:25:34.710  WARN 217578 --- [           main] c.n.eureka.cluster.PeerEurekaNodes       : The replica size seems to be empty. Check the route 53 DNS Registry
2024-11-28 21:25:34.864  INFO 217578 --- [           main] c.n.e.registry.AbstractInstanceRegistry  : Finished initializing remote region registries. All known remote regions: []
2024-11-28 21:25:34.866  INFO 217578 --- [           main] c.n.eureka.DefaultEurekaServerContext    : Initialized
2024-11-28 21:25:34.880  INFO 217578 --- [           main] o.s.b.a.e.web.EndpointLinksResolver      : Exposing 1 endpoint(s) beneath base path '/actuator'
2024-11-28 21:25:34.926  INFO 217578 --- [           main] o.s.c.n.e.s.EurekaServiceRegistry        : Registering application EUREKA-SERVER with eureka with status UP
2024-11-28 21:25:34.964  INFO 217578 --- [       Thread-9] o.s.c.n.e.server.EurekaServerBootstrap   : isAws returned false
2024-11-28 21:25:34.966  INFO 217578 --- [       Thread-9] o.s.c.n.e.server.EurekaServerBootstrap   : Initialized server context
2024-11-28 21:25:34.966  INFO 217578 --- [       Thread-9] c.n.e.r.PeerAwareInstanceRegistryImpl    : Got 1 instances from neighboring DS node
2024-11-28 21:25:34.966  INFO 217578 --- [       Thread-9] c.n.e.r.PeerAwareInstanceRegistryImpl    : Renew threshold is: 1
2024-11-28 21:25:34.967  INFO 217578 --- [       Thread-9] c.n.e.r.PeerAwareInstanceRegistryImpl    : Changing status to UP
2024-11-28 21:25:34.970  INFO 217578 --- [           main] o.s.b.w.embedded.tomcat.TomcatWebServer  : Tomcat started on port(s): 8001 (http) with context path ''
2024-11-28 21:25:34.971  INFO 217578 --- [           main] .s.c.n.e.s.EurekaAutoServiceRegistration : Updating port to 8001
2024-11-28 21:25:34.984  INFO 217578 --- [       Thread-9] e.s.EurekaServerInitializerConfiguration : Started Eureka Server
2024-11-28 21:25:34.996  INFO 217578 --- [           main] c.f.e.EurekaServerApplication            : Started EurekaServerApplication in 16.22 seconds (JVM running for 17.13)
2024-11-28 21:25:51.106  INFO 217578 --- [nio-8001-exec-2] o.a.c.c.C.[Tomcat].[localhost].[/]       : Initializing Spring DispatcherServlet 'dispatcherServlet'
2024-11-28 21:25:51.106  INFO 217578 --- [nio-8001-exec-2] o.s.web.servlet.DispatcherServlet        : Initializing Servlet 'dispatcherServlet'
2024-11-28 21:25:51.107  INFO 217578 --- [nio-8001-exec-2] o.s.web.servlet.DispatcherServlet        : Completed initialization in 1 ms
2024-11-28 21:26:01.856  INFO 217578 --- [io-8001-exec-10] c.n.e.registry.AbstractInstanceRegistry  : Registered instance API-GATEWAY/10.255.255.254:api-gateway:8002 with status UP (replication=false)
2024-11-28 21:26:34.686  INFO 217578 --- [nio-8001-exec-5] c.n.e.registry.AbstractInstanceRegistry  : Registered instance USER-SERVICE/10.255.255.254:user-service:8003 with status UP (replication=false)
2024-11-28 21:26:34.970  INFO 217578 --- [a-EvictionTimer] c.n.e.registry.AbstractInstanceRegistry  : Running the evict task with compensationTime 0ms
2024-11-28 21:27:03.434  INFO 217578 --- [io-8001-exec-10] c.n.e.registry.AbstractInstanceRegistry  : Registered instance PAYMENT-SERVICE/10.255.255.254:payment-service:8004 with status UP (replication=false)
2024-11-28 21:27:29.405  INFO 217578 --- [nio-8001-exec-5] c.n.e.registry.AbstractInstanceRegistry  : Registered instance NOTIFICATION-SERVICE/10.255.255.254:notification-service:8005 with status UP (replication=false)
2024-11-28 21:27:34.970  INFO 217578 --- [a-EvictionTimer] c.n.e.registry.AbstractInstanceRegistry  : Running the evict task with compensationTime 0ms
2024-11-28 21:28:34.971  INFO 217578 --- [a-EvictionTimer] c.n.e.registry.AbstractInstanceRegistry  : Running the evict task with compensationTime 0ms
2024-11-28 21:29:34.975  INFO 217578 --- [a-EvictionTimer] c.n.e.registry.AbstractInstanceRegistry  : Running the evict task with compensationTime 4ms
2024-11-28 21:30:34.976  INFO 217578 --- [a-EvictionTimer] c.n.e.registry.AbstractInstanceRegistry  : Running the evict task with compensationTime 0ms
2024-11-28 22:26:24.130  INFO 217578 --- [a-EvictionTimer] c.n.e.registry.AbstractInstanceRegistry  : Running the evict task with compensationTime 0ms
2024-11-28 22:27:24.133  INFO 217578 --- [a-EvictionTimer] c.n.e.registry.AbstractInstanceRegistry  : Running the evict task with compensationTime 2ms
2024-11-28 22:27:46.900  INFO 217578 --- [ionShutdownHook] o.s.c.n.e.s.EurekaServiceRegistry        : Unregistering application EUREKA-SERVER with eureka with status DOWN
2024-11-28 22:27:46.933  INFO 217578 --- [ionShutdownHook] o.s.c.n.e.server.EurekaServerBootstrap   : Shutting down Eureka Server..
2024-11-28 22:27:46.938  INFO 217578 --- [ionShutdownHook] c.n.eureka.DefaultEurekaServerContext    : Shutting down ...
2024-11-28 22:27:46.963  INFO 217578 --- [ionShutdownHook] c.n.eureka.DefaultEurekaServerContext    : Shut down
2024-11-28 22:27:46.963  INFO 217578 --- [ionShutdownHook] o.s.c.n.e.server.EurekaServerBootstrap   : Eureka Service is now shutdown...
2024-11-28 22:27:46.964  INFO 217578 --- [ionShutdownHook] c.n.eureka.DefaultEurekaServerContext    : Shutting down ...
2024-11-28 22:27:46.970  INFO 217578 --- [ionShutdownHook] c.n.eureka.DefaultEurekaServerContext    : Shut down
2024-11-28 22:27:46.982  INFO 217578 --- [ionShutdownHook] j.LocalContainerEntityManagerFactoryBean : Closing JPA EntityManagerFactory for persistence unit 'default'
2024-11-28 22:27:46.983  INFO 217578 --- [ionShutdownHook] .SchemaDropperImpl$DelayedDropActionImpl : HHH000477: Starting delayed evictData of schema as part of SessionFactory shut-down'
2024-11-28 22:27:46.989  INFO 217578 --- [ionShutdownHook] com.zaxxer.hikari.HikariDataSource       : HikariPool-1 - Shutdown initiated...
2024-11-28 22:27:46.993  INFO 217578 --- [ionShutdownHook] com.zaxxer.hikari.HikariDataSource       : HikariPool-1 - Shutdown completed.
2024-11-28 22:27:46.995  INFO 217578 --- [ionShutdownHook] com.netflix.discovery.DiscoveryClient    : Shutting down DiscoveryClient ...
2024-11-28 22:27:46.996  INFO 217578 --- [ionShutdownHook] com.netflix.discovery.DiscoveryClient    : Completed shut down of DiscoveryClient
