[[1;34mINFO[m] Scanning for projects...
[[1;34mINFO[m]
[[1;34mINFO[m] [1m----------------------< [0;36mcom.fintech:user-service[0;1m >----------------------[m
[[1;34mINFO[m] [1mBuilding user-service 1.0.0[m
[[1;34mINFO[m] [1m--------------------------------[ jar ]---------------------------------[m
[[1;34mINFO[m]
[[1;34mINFO[m] [1m>>> [0;32mspring-boot-maven-plugin:2.6.7:run[m [1m(default-cli)[0;1m > [0;1mtest-compile[m @ [36muser-service[0;1m >>>[m
[[1;34mINFO[m]
[[1;34mINFO[m] [1m--- [0;32mmaven-resources-plugin:3.2.0:resources[m [1m(default-resources)[m @ [36muser-service[0;1m ---[m
[[1;34mINFO[m] Using 'UTF-8' encoding to copy filtered resources.
[[1;34mINFO[m] Using 'UTF-8' encoding to copy filtered properties files.
[[1;34mINFO[m] Copying 1 resource
[[1;34mINFO[m] Copying 0 resource
[[1;34mINFO[m]
[[1;34mINFO[m] [1m--- [0;32mmaven-compiler-plugin:3.8.1:compile[m [1m(default-compile)[m @ [36muser-service[0;1m ---[m
[[1;34mINFO[m] Changes detected - recompiling the module!
[[1;34mINFO[m] Compiling 11 source files to /mnt/c/Users/36202/OneDrive/Desktop/PayNext/backend/user-service/target/classes
[[1;34mINFO[m]
[[1;34mINFO[m] [1m--- [0;32mmaven-resources-plugin:3.2.0:testResources[m [1m(default-testResources)[m @ [36muser-service[0;1m ---[m
[[1;34mINFO[m] Using 'UTF-8' encoding to copy filtered resources.
[[1;34mINFO[m] Using 'UTF-8' encoding to copy filtered properties files.
[[1;34mINFO[m] skip non existing resourceDirectory /mnt/c/Users/36202/OneDrive/Desktop/PayNext/backend/user-service/src/test/resources
[[1;34mINFO[m]
[[1;34mINFO[m] [1m--- [0;32mmaven-compiler-plugin:3.8.1:testCompile[m [1m(default-testCompile)[m @ [36muser-service[0;1m ---[m
[[1;34mINFO[m] No sources to compile
[[1;34mINFO[m]
[[1;34mINFO[m] [1m<<< [0;32mspring-boot-maven-plugin:2.6.7:run[m [1m(default-cli)[0;1m < [0;1mtest-compile[m @ [36muser-service[0;1m <<<[m
[[1;34mINFO[m]
[[1;34mINFO[m]
[[1;34mINFO[m] [1m--- [0;32mspring-boot-maven-plugin:2.6.7:run[m [1m(default-cli)[m @ [36muser-service[0;1m ---[m
[[1;34mINFO[m] Attaching agents: []

  .   ____          _            __ _ _
 /\\ / ___'_ __ _ _(_)_ __  __ _ \ \ \ \
( ( )\___ | '_ | '_| | '_ \/ _` | \ \ \ \
 \\/  ___)| |_)| | | | | || (_| |  ) ) ) )
  '  |____| .__|_| |_|_| |_\__, | / / / /
 =========|_|==============|___/=/_/_/_/
 :: Spring Boot ::                (v2.6.7)

2024-11-12 17:47:51.707  INFO 48988 --- [           main] c.f.userservice.UserServiceApplication   : Starting UserServiceApplication using Java 21.0.5 on RW50 with PID 48988 (/mnt/c/Users/36202/OneDrive/Desktop/PayNext/backend/user-service/target/classes started by abrarahmed in /mnt/c/Users/36202/OneDrive/Desktop/PayNext/backend/user-service)
2024-11-12 17:47:51.712  INFO 48988 --- [           main] c.f.userservice.UserServiceApplication   : No active profile set, falling back to 1 default profile: "default"
2024-11-12 17:47:55.231  INFO 48988 --- [           main] .s.d.r.c.RepositoryConfigurationDelegate : Bootstrapping Spring Data JPA repositories in DEFAULT mode.
2024-11-12 17:47:56.358  INFO 48988 --- [           main] .s.d.r.c.RepositoryConfigurationDelegate : Finished Spring Data repository scanning in 1095 ms. Found 1 JPA repository interfaces.
2024-11-12 17:47:57.356  INFO 48988 --- [           main] o.s.cloud.context.scope.GenericScope     : BeanFactory id=7d1c9d1a-caaa-3f87-91a2-5354c363eded
2024-11-12 17:47:58.825  INFO 48988 --- [           main] o.s.b.w.embedded.tomcat.TomcatWebServer  : Tomcat initialized with port(s): 8003 (http)
2024-11-12 17:47:58.851  INFO 48988 --- [           main] o.apache.catalina.core.StandardService   : Starting service [Tomcat]
2024-11-12 17:47:58.852  INFO 48988 --- [           main] org.apache.catalina.core.StandardEngine  : Starting Servlet engine: [Apache Tomcat/9.0.62]
2024-11-12 17:47:59.061  INFO 48988 --- [           main] o.a.c.c.C.[Tomcat].[localhost].[/]       : Initializing Spring embedded WebApplicationContext
2024-11-12 17:47:59.061  INFO 48988 --- [           main] w.s.c.ServletWebServerApplicationContext : Root WebApplicationContext: initialization completed in 7241 ms
2024-11-12 17:47:59.933  INFO 48988 --- [           main] o.hibernate.jpa.internal.util.LogHelper  : HHH000204: Processing PersistenceUnitInfo [name: default]
2024-11-12 17:48:00.181  INFO 48988 --- [           main] org.hibernate.Version                    : HHH000412: Hibernate ORM core version 5.6.8.Final
2024-11-12 17:48:00.841  INFO 48988 --- [           main] o.hibernate.annotations.common.Version   : HCANN000001: Hibernate Commons Annotations {5.1.2.Final}
2024-11-12 17:48:01.420  INFO 48988 --- [           main] com.zaxxer.hikari.HikariDataSource       : HikariPool-1 - Starting...
2024-11-12 17:48:02.184  INFO 48988 --- [           main] com.zaxxer.hikari.HikariDataSource       : HikariPool-1 - Start completed.
2024-11-12 17:48:02.252  INFO 48988 --- [           main] org.hibernate.dialect.Dialect            : HHH000400: Using dialect: org.hibernate.dialect.H2Dialect
2024-11-12 17:48:04.716  INFO 48988 --- [           main] o.h.e.t.j.p.i.JtaPlatformInitiator       : HHH000490: Using JtaPlatform implementation: [org.hibernate.engine.transaction.jta.platform.internal.NoJtaPlatform]
2024-11-12 17:48:04.751  INFO 48988 --- [           main] j.LocalContainerEntityManagerFactoryBean : Initialized JPA EntityManagerFactory for persistence unit 'default'
2024-11-12 17:48:05.802  WARN 48988 --- [           main] JpaBaseConfiguration$JpaWebConfiguration : spring.jpa.open-in-view is enabled by default. Therefore, database queries may be performed during view rendering. Explicitly configure spring.jpa.open-in-view to disable this warning
2024-11-12 17:48:06.426  INFO 48988 --- [           main] o.s.s.web.DefaultSecurityFilterChain     : Will secure any request with [org.springframework.security.web.context.request.async.WebAsyncManagerIntegrationFilter@64a4739, org.springframework.security.web.context.SecurityContextPersistenceFilter@5ca3acad, org.springframework.security.web.header.HeaderWriterFilter@15fd3088, org.springframework.security.web.authentication.logout.LogoutFilter@33060020, com.fintech.userservice.filter.JwtAuthenticationFilter@462b239f, org.springframework.security.web.savedrequest.RequestCacheAwareFilter@691a5c3a, org.springframework.security.web.servletapi.SecurityContextHolderAwareRequestFilter@583b4af4, org.springframework.security.web.authentication.AnonymousAuthenticationFilter@7ab3f194, org.springframework.security.web.session.SessionManagementFilter@4b552b13, org.springframework.security.web.access.ExceptionTranslationFilter@7f584d0c, org.springframework.security.web.access.intercept.FilterSecurityInterceptor@66851aa5]
2024-11-12 17:48:07.888  INFO 48988 --- [           main] DiscoveryClientOptionalArgsConfiguration : Eureka HTTP Client uses RestTemplate.
2024-11-12 17:48:08.137  WARN 48988 --- [           main] iguration$LoadBalancerCaffeineWarnLogger : Spring Cloud LoadBalancer is currently working with the default cache. While this cache implementation is useful for development and tests, it's recommended to use Caffeine cache in production.You can switch to using Caffeine cache, by adding it and org.springframework.cache.caffeine.CaffeineCacheManager to the classpath.
2024-11-12 17:48:08.153  INFO 48988 --- [           main] o.s.b.a.e.web.EndpointLinksResolver      : Exposing 1 endpoint(s) beneath base path '/actuator'
2024-11-12 17:48:08.221  INFO 48988 --- [           main] o.s.c.n.eureka.InstanceInfoFactory       : Setting initial instance status as: STARTING
2024-11-12 17:48:08.485  INFO 48988 --- [           main] com.netflix.discovery.DiscoveryClient    : Initializing Eureka in region us-east-1
2024-11-12 17:48:08.512  INFO 48988 --- [           main] c.n.d.s.r.aws.ConfigClusterResolver      : Resolving eureka endpoints via configuration
2024-11-12 17:48:08.659  INFO 48988 --- [           main] com.netflix.discovery.DiscoveryClient    : Disable delta property : false
2024-11-12 17:48:08.660  INFO 48988 --- [           main] com.netflix.discovery.DiscoveryClient    : Single vip registry refresh property : null
2024-11-12 17:48:08.660  INFO 48988 --- [           main] com.netflix.discovery.DiscoveryClient    : Force full registry fetch : false
2024-11-12 17:48:08.660  INFO 48988 --- [           main] com.netflix.discovery.DiscoveryClient    : Application is null : false
2024-11-12 17:48:08.661  INFO 48988 --- [           main] com.netflix.discovery.DiscoveryClient    : Registered Applications size is zero : true
2024-11-12 17:48:08.661  INFO 48988 --- [           main] com.netflix.discovery.DiscoveryClient    : Application version is -1: true
2024-11-12 17:48:08.661  INFO 48988 --- [           main] com.netflix.discovery.DiscoveryClient    : Getting all instance registry info from the eureka server
2024-11-12 17:48:09.928  INFO 48988 --- [           main] com.netflix.discovery.DiscoveryClient    : The response status is 200
2024-11-12 17:48:09.935  INFO 48988 --- [           main] com.netflix.discovery.DiscoveryClient    : Starting heartbeat executor: renew interval is: 30
2024-11-12 17:48:09.944  INFO 48988 --- [           main] c.n.discovery.InstanceInfoReplicator     : InstanceInfoReplicator onDemand update allowed rate per min is 4
2024-11-12 17:48:09.957  INFO 48988 --- [           main] com.netflix.discovery.DiscoveryClient    : Discovery Client initialized at timestamp 1731430089956 with initial instances count: 0
2024-11-12 17:48:09.960  INFO 48988 --- [           main] o.s.c.n.e.s.EurekaServiceRegistry        : Registering application USER-SERVICE with eureka with status UP
2024-11-12 17:48:09.962  INFO 48988 --- [           main] com.netflix.discovery.DiscoveryClient    : Saw local status change event StatusChangeEvent [timestamp=1731430089962, current=UP, previous=STARTING]
2024-11-12 17:48:09.970  INFO 48988 --- [nfoReplicator-0] com.netflix.discovery.DiscoveryClient    : DiscoveryClient_USER-SERVICE/10.255.255.254:user-service:8003: registering service...
2024-11-12 17:48:09.993  INFO 48988 --- [           main] o.s.b.w.embedded.tomcat.TomcatWebServer  : Tomcat started on port(s): 8003 (http) with context path ''
2024-11-12 17:48:09.994  INFO 48988 --- [           main] .s.c.n.e.s.EurekaAutoServiceRegistration : Updating port to 8003
2024-11-12 17:48:10.027  INFO 48988 --- [           main] c.f.userservice.UserServiceApplication   : Started UserServiceApplication in 19.661 seconds (JVM running for 20.357)
2024-11-12 17:48:10.112  INFO 48988 --- [nfoReplicator-0] com.netflix.discovery.DiscoveryClient    : DiscoveryClient_USER-SERVICE/10.255.255.254:user-service:8003 - registration status: 204
2024-11-12 17:48:40.055  INFO 48988 --- [freshExecutor-0] com.netflix.discovery.DiscoveryClient    : Disable delta property : false
2024-11-12 17:48:40.056  INFO 48988 --- [freshExecutor-0] com.netflix.discovery.DiscoveryClient    : Single vip registry refresh property : null
2024-11-12 17:48:40.056  INFO 48988 --- [freshExecutor-0] com.netflix.discovery.DiscoveryClient    : Force full registry fetch : false
2024-11-12 17:48:40.056  INFO 48988 --- [freshExecutor-0] com.netflix.discovery.DiscoveryClient    : Application is null : false
2024-11-12 17:48:40.057  INFO 48988 --- [freshExecutor-0] com.netflix.discovery.DiscoveryClient    : Registered Applications size is zero : true
2024-11-12 17:48:40.057  INFO 48988 --- [freshExecutor-0] com.netflix.discovery.DiscoveryClient    : Application version is -1: false
2024-11-12 17:48:40.057  INFO 48988 --- [freshExecutor-0] com.netflix.discovery.DiscoveryClient    : Getting all instance registry info from the eureka server
2024-11-12 17:48:40.100  INFO 48988 --- [freshExecutor-0] com.netflix.discovery.DiscoveryClient    : The response status is 200
2024-11-12 17:53:09.840  INFO 48988 --- [trap-executor-0] c.n.d.s.r.aws.ConfigClusterResolver      : Resolving eureka endpoints via configuration
2024-11-12 17:53:41.295  INFO 48988 --- [tbeatExecutor-0] com.netflix.discovery.DiscoveryClient    : DiscoveryClient_USER-SERVICE/10.255.255.254:user-service:8003 - Re-registering apps/USER-SERVICE
2024-11-12 17:53:41.295  INFO 48988 --- [tbeatExecutor-0] com.netflix.discovery.DiscoveryClient    : DiscoveryClient_USER-SERVICE/10.255.255.254:user-service:8003: registering service...
2024-11-12 17:53:41.300  INFO 48988 --- [tbeatExecutor-0] com.netflix.discovery.DiscoveryClient    : DiscoveryClient_USER-SERVICE/10.255.255.254:user-service:8003 - registration status: 204
2024-11-12 17:56:42.008  INFO 48988 --- [tbeatExecutor-0] com.netflix.discovery.DiscoveryClient    : DiscoveryClient_USER-SERVICE/10.255.255.254:user-service:8003 - Re-registering apps/USER-SERVICE
2024-11-12 17:56:42.009  INFO 48988 --- [tbeatExecutor-0] com.netflix.discovery.DiscoveryClient    : DiscoveryClient_USER-SERVICE/10.255.255.254:user-service:8003: registering service...
2024-11-12 17:56:42.013  INFO 48988 --- [tbeatExecutor-0] com.netflix.discovery.DiscoveryClient    : DiscoveryClient_USER-SERVICE/10.255.255.254:user-service:8003 - registration status: 204
2024-11-12 17:58:10.925  INFO 48988 --- [trap-executor-0] c.n.d.s.r.aws.ConfigClusterResolver      : Resolving eureka endpoints via configuration
2024-11-12 17:58:42.454  INFO 48988 --- [tbeatExecutor-0] com.netflix.discovery.DiscoveryClient    : DiscoveryClient_USER-SERVICE/10.255.255.254:user-service:8003 - Re-registering apps/USER-SERVICE
2024-11-12 17:58:42.455  INFO 48988 --- [tbeatExecutor-0] com.netflix.discovery.DiscoveryClient    : DiscoveryClient_USER-SERVICE/10.255.255.254:user-service:8003: registering service...
2024-11-12 17:58:42.459  INFO 48988 --- [tbeatExecutor-0] com.netflix.discovery.DiscoveryClient    : DiscoveryClient_USER-SERVICE/10.255.255.254:user-service:8003 - registration status: 204
2024-11-12 18:03:12.051  INFO 48988 --- [trap-executor-0] c.n.d.s.r.aws.ConfigClusterResolver      : Resolving eureka endpoints via configuration
